Using pre-set license
Built from '2020.3/staging' branch; Version is '2020.3.0f1 (c7b5465681fb) revision 13088070'; Using compiler version '192528614'; Build Type 'Release'
OS: 'Windows 10 Home; OS build 19042.867; Version 2009; 64bit' Language: 'en' Physical Memory: 8037 MB
BatchMode: 1, IsHumanControllingUs: 0, StartBugReporterOnCrash: 0, Is64bit: 1, IsPro: 0

 COMMAND LINE ARGUMENTS:
C:\Program Files\Unity\Hub\Editor\2020.3.0f1\Editor\Unity.exe
-adb2
-batchMode
-noUpm
-name
AssetImportWorker0
-projectPath
C:/Users/ghcs1/OneDrive/Desktop/movement/DogeGame
-logFile
Logs/AssetImportWorker0.log
-srvPort
59853
Successfully changed project path to: C:/Users/ghcs1/OneDrive/Desktop/movement/DogeGame
C:/Users/ghcs1/OneDrive/Desktop/movement/DogeGame
Using Asset Import Pipeline V2.
Refreshing native plugins compatible for Editor in 35.08 ms, found 1 plugins.
Preloading 0 native plugins for Editor in 0.00 ms.
Initialize engine version: 2020.3.0f1 (c7b5465681fb)
[Subsystems] Discovering subsystems at path C:/Program Files/Unity/Hub/Editor/2020.3.0f1/Editor/Data/Resources/UnitySubsystems
[Subsystems] Discovering subsystems at path C:/Users/ghcs1/OneDrive/Desktop/movement/DogeGame/Assets
GfxDevice: creating device client; threaded=0
Direct3D:
    Version:  Direct3D 11.0 [level 11.1]
    Renderer: NVIDIA GeForce GTX 1050 Ti (ID=0x1c8c)
    Vendor:   
    VRAM:     4018 MB
    Driver:   27.21.14.6192
Initialize mono
Mono path[0] = 'C:/Program Files/Unity/Hub/Editor/2020.3.0f1/Editor/Data/Managed'
Mono path[1] = 'C:/Program Files/Unity/Hub/Editor/2020.3.0f1/Editor/Data/MonoBleedingEdge/lib/mono/unityjit'
Mono config path = 'C:/Program Files/Unity/Hub/Editor/2020.3.0f1/Editor/Data/MonoBleedingEdge/etc'
Using monoOptions --debugger-agent=transport=dt_socket,embedding=1,server=y,suspend=n,address=127.0.0.1:56332
Begin MonoManager ReloadAssembly
Registering precompiled unity dll's ...
Register platform support module: C:/Program Files/Unity/Hub/Editor/2020.3.0f1/Editor/Data/PlaybackEngines/WindowsStandaloneSupport/UnityEditor.WindowsStandalone.Extensions.dll
Registered in 0.002441 seconds.
Native extension for WindowsStandalone target not found
Refreshing native plugins compatible for Editor in 35.92 ms, found 1 plugins.
Preloading 0 native plugins for Editor in 0.00 ms.
Invoked RoslynAnalysisRunner static constructor.
RoslynAnalysisRunner will not be running.
RoslynAnalysisRunner has terminated.
Mono: successfully reloaded assembly
- Completed reload, in  1.874 seconds
Platform modules already initialized, skipping
Registering precompiled user dll's ...
Registered in 0.000953 seconds.
Begin MonoManager ReloadAssembly
Native extension for WindowsStandalone target not found
Refreshing native plugins compatible for Editor in 38.70 ms, found 1 plugins.
Preloading 0 native plugins for Editor in 0.00 ms.
Invoked RoslynAnalysisRunner static constructor.
RoslynAnalysisRunner will not be running.
RoslynAnalysisRunner has terminated.
Mono: successfully reloaded assembly
- Completed reload, in  0.903 seconds
Platform modules already initialized, skipping
========================================================================
Worker process is ready to serve import requests
Launched and connected shader compiler UnityShaderCompiler.exe after 0.04 seconds
Refreshing native plugins compatible for Editor in 0.35 ms, found 1 plugins.
Preloading 0 native plugins for Editor in 0.00 ms.
Unloading 1809 Unused Serialized files (Serialized files now loaded: 0)
System memory in use before: 84.7 MB.
System memory in use after: 84.6 MB.

Unloading 24 unused Assets to reduce memory usage. Loaded Objects now: 2252.
Total: 2.033900 ms (FindLiveObjects: 0.216500 ms CreateObjectMapping: 0.095500 ms MarkObjects: 1.608500 ms  DeleteObjects: 0.112300 ms)

========================================================================
Received Import Request.
  path: Assets/Prefabs/BombSprite.prefab
  artifactKey: Guid(359e4bf697986024d936fb69fdb55074) Importer(815301076,1909f56bfc062723c751e8b465ee728b)
Start importing Assets/Prefabs/BombSprite.prefab using Guid(359e4bf697986024d936fb69fdb55074) Importer(815301076,1909f56bfc062723c751e8b465ee728b)  -> (artifact id: '08fe7ea23cdf1a76718cb0cdbe875fb9') in 0.111260 seconds
  Import took 0.114527 seconds .

========================================================================
Received Import Request.
  Time since last request: 0.000752 seconds.
  path: Assets/Prefabs/Sheep.prefab
  artifactKey: Guid(cfad197eefcc72048a2c98f808813012) Importer(815301076,1909f56bfc062723c751e8b465ee728b)
Start importing Assets/Prefabs/Sheep.prefab using Guid(cfad197eefcc72048a2c98f808813012) Importer(815301076,1909f56bfc062723c751e8b465ee728b)  -> (artifact id: 'bbf30b9b47f5375a5664cd3f271aa939') in 0.038408 seconds
  Import took 0.041807 seconds .

========================================================================
Received Import Request.
  Time since last request: 0.000364 seconds.
  path: Assets/Prefabs/Sheep.prefab
  artifactKey: Guid(cfad197eefcc72048a2c98f808813012) Importer(815301076,1909f56bfc062723c751e8b465ee728b)
Start importing Assets/Prefabs/Sheep.prefab using Guid(cfad197eefcc72048a2c98f808813012) Importer(815301076,1909f56bfc062723c751e8b465ee728b)  -> (artifact id: 'bbf30b9b47f5375a5664cd3f271aa939') in 0.020387 seconds
  Import took 0.024267 seconds .

========================================================================
Received Import Request.
  Time since last request: 4.500661 seconds.
  path: Assets/Script/SheepControler.cs
  artifactKey: Guid(f74f7a8731bc73846ae024adfadafb30) Importer(815301076,1909f56bfc062723c751e8b465ee728b)
Start importing Assets/Script/SheepControler.cs using Guid(f74f7a8731bc73846ae024adfadafb30) Importer(815301076,1909f56bfc062723c751e8b465ee728b)  -> (artifact id: '38691460b9fc7705fd2233ebf48776aa') in 0.015776 seconds
  Import took 0.019354 seconds .

========================================================================
Received Import Request.
  Time since last request: 60.437891 seconds.
  path: Assets/Script/SheepControler.cs
  artifactKey: Guid(f74f7a8731bc73846ae024adfadafb30) Importer(815301076,1909f56bfc062723c751e8b465ee728b)
Start importing Assets/Script/SheepControler.cs using Guid(f74f7a8731bc73846ae024adfadafb30) Importer(815301076,1909f56bfc062723c751e8b465ee728b)  -> (artifact id: '4cc9e3bc04556ba08aac3cf91abadc04') in 0.010948 seconds
  Import took 0.016833 seconds .

========================================================================
Received Import Request.
  Time since last request: 0.000779 seconds.
  path: Assets/Script/SheepControler.cs
  artifactKey: Guid(f74f7a8731bc73846ae024adfadafb30) Importer(815301076,1909f56bfc062723c751e8b465ee728b)
Start importing Assets/Script/SheepControler.cs using Guid(f74f7a8731bc73846ae024adfadafb30) Importer(815301076,1909f56bfc062723c751e8b465ee728b)  -> (artifact id: '4cc9e3bc04556ba08aac3cf91abadc04') in 0.005636 seconds
  Import took 0.009295 seconds .

========================================================================
Received Prepare
Registering precompiled user dll's ...
Registered in 0.001143 seconds.
Begin MonoManager ReloadAssembly
Native extension for WindowsStandalone target not found
Refreshing native plugins compatible for Editor in 0.32 ms, found 1 plugins.
Preloading 0 native plugins for Editor in 0.00 ms.
Invoked RoslynAnalysisRunner static constructor.
RoslynAnalysisRunner will not be running.
RoslynAnalysisRunner has terminated.
Mono: successfully reloaded assembly
- Completed reload, in  0.784 seconds
Platform modules already initialized, skipping
Refreshing native plugins compatible for Editor in 0.31 ms, found 1 plugins.
Preloading 0 native plugins for Editor in 0.00 ms.
Unloading 1804 Unused Serialized files (Serialized files now loaded: 0)
System memory in use before: 87.8 MB.
System memory in use after: 87.8 MB.

Unloading 12 unused Assets to reduce memory usage. Loaded Objects now: 2263.
Total: 5.798800 ms (FindLiveObjects: 0.758500 ms CreateObjectMapping: 0.260100 ms MarkObjects: 4.550800 ms  DeleteObjects: 0.224800 ms)

========================================================================
Received Import Request.
  Time since last request: 111.614453 seconds.
  path: Assets/Script/SheepControler.cs
  artifactKey: Guid(f74f7a8731bc73846ae024adfadafb30) Importer(815301076,1909f56bfc062723c751e8b465ee728b)
Start importing Assets/Script/SheepControler.cs using Guid(f74f7a8731bc73846ae024adfadafb30) Importer(815301076,1909f56bfc062723c751e8b465ee728b)  -> (artifact id: 'd3017bd9d3830d77e05d90f7393817ea') in 0.005497 seconds
  Import took 0.010970 seconds .

========================================================================
Received Prepare
Registering precompiled user dll's ...
Registered in 0.000941 seconds.
Begin MonoManager ReloadAssembly
Native extension for WindowsStandalone target not found
Refreshing native plugins compatible for Editor in 0.36 ms, found 1 plugins.
Preloading 0 native plugins for Editor in 0.00 ms.
Invoked RoslynAnalysisRunner static constructor.
RoslynAnalysisRunner will not be running.
RoslynAnalysisRunner has terminated.
Mono: successfully reloaded assembly
- Completed reload, in  0.809 seconds
Platform modules already initialized, skipping
Refreshing native plugins compatible for Editor in 0.42 ms, found 1 plugins.
Preloading 0 native plugins for Editor in 0.00 ms.
Unloading 1804 Unused Serialized files (Serialized files now loaded: 0)
System memory in use before: 87.8 MB.
System memory in use after: 87.8 MB.

Unloading 12 unused Assets to reduce memory usage. Loaded Objects now: 2267.
Total: 1.931100 ms (FindLiveObjects: 0.209200 ms CreateObjectMapping: 0.081600 ms MarkObjects: 1.538700 ms  DeleteObjects: 0.100400 ms)

========================================================================
Received Prepare
Registering precompiled user dll's ...
Registered in 0.001384 seconds.
Begin MonoManager ReloadAssembly
Native extension for WindowsStandalone target not found
Refreshing native plugins compatible for Editor in 0.32 ms, found 1 plugins.
Preloading 0 native plugins for Editor in 0.00 ms.
Invoked RoslynAnalysisRunner static constructor.
RoslynAnalysisRunner will not be running.
RoslynAnalysisRunner has terminated.
Mono: successfully reloaded assembly
- Completed reload, in  0.816 seconds
Platform modules already initialized, skipping
Refreshing native plugins compatible for Editor in 0.39 ms, found 1 plugins.
Preloading 0 native plugins for Editor in 0.00 ms.
Unloading 1804 Unused Serialized files (Serialized files now loaded: 0)
System memory in use before: 87.8 MB.
System memory in use after: 87.8 MB.

Unloading 12 unused Assets to reduce memory usage. Loaded Objects now: 2271.
Total: 2.434600 ms (FindLiveObjects: 0.328300 ms CreateObjectMapping: 0.107300 ms MarkObjects: 1.880600 ms  DeleteObjects: 0.117200 ms)

========================================================================
Received Import Request.
  Time since last request: 53.000959 seconds.
  path: Assets/Prefabs/Sheep.prefab
  artifactKey: Guid(cfad197eefcc72048a2c98f808813012) Importer(815301076,1909f56bfc062723c751e8b465ee728b)
Start importing Assets/Prefabs/Sheep.prefab using Guid(cfad197eefcc72048a2c98f808813012) Importer(815301076,1909f56bfc062723c751e8b465ee728b)  -> (artifact id: 'eeae4e244d9592e84a2d60137c9b45c2') in 0.060753 seconds
  Import took 0.066195 seconds .

========================================================================
Received Prepare
Registering precompiled user dll's ...
Registered in 0.000999 seconds.
Begin MonoManager ReloadAssembly
Native extension for WindowsStandalone target not found
Refreshing native plugins compatible for Editor in 0.32 ms, found 1 plugins.
Preloading 0 native plugins for Editor in 0.00 ms.
Invoked RoslynAnalysisRunner static constructor.
RoslynAnalysisRunner will not be running.
RoslynAnalysisRunner has terminated.
Mono: successfully reloaded assembly
- Completed reload, in  0.794 seconds
Platform modules already initialized, skipping
Refreshing native plugins compatible for Editor in 0.32 ms, found 1 plugins.
Preloading 0 native plugins for Editor in 0.00 ms.
Unloading 1804 Unused Serialized files (Serialized files now loaded: 0)
System memory in use before: 87.8 MB.
System memory in use after: 87.8 MB.

Unloading 12 unused Assets to reduce memory usage. Loaded Objects now: 2276.
Total: 2.082800 ms (FindLiveObjects: 0.181800 ms CreateObjectMapping: 0.063000 ms MarkObjects: 1.737300 ms  DeleteObjects: 0.099500 ms)

========================================================================
Received Import Request.
  Time since last request: 22.484915 seconds.
  path: Assets/Prefabs/Sheep.prefab
  artifactKey: Guid(cfad197eefcc72048a2c98f808813012) Importer(815301076,1909f56bfc062723c751e8b465ee728b)
Start importing Assets/Prefabs/Sheep.prefab using Guid(cfad197eefcc72048a2c98f808813012) Importer(815301076,1909f56bfc062723c751e8b465ee728b)  -> (artifact id: '2a00ffe02d0c4a46e6687eb53a28ce46') in 0.072569 seconds
  Import took 0.076261 seconds .

========================================================================
Received Prepare
Registering precompiled user dll's ...
Registered in 0.000968 seconds.
Begin MonoManager ReloadAssembly
Native extension for WindowsStandalone target not found
Refreshing native plugins compatible for Editor in 0.32 ms, found 1 plugins.
Preloading 0 native plugins for Editor in 0.00 ms.
Invoked RoslynAnalysisRunner static constructor.
RoslynAnalysisRunner will not be running.
RoslynAnalysisRunner has terminated.
Mono: successfully reloaded assembly
- Completed reload, in  0.792 seconds
Platform modules already initialized, skipping
Refreshing native plugins compatible for Editor in 0.32 ms, found 1 plugins.
Preloading 0 native plugins for Editor in 0.00 ms.
Unloading 1804 Unused Serialized files (Serialized files now loaded: 0)
System memory in use before: 87.8 MB.
System memory in use after: 87.8 MB.

Unloading 12 unused Assets to reduce memory usage. Loaded Objects now: 2281.
Total: 2.077700 ms (FindLiveObjects: 0.226800 ms CreateObjectMapping: 0.077900 ms MarkObjects: 1.664100 ms  DeleteObjects: 0.107400 ms)

========================================================================
Received Import Request.
  Time since last request: 11.741354 seconds.
  path: Assets/Prefabs/Sheep.prefab
  artifactKey: Guid(cfad197eefcc72048a2c98f808813012) Importer(815301076,1909f56bfc062723c751e8b465ee728b)
Start importing Assets/Prefabs/Sheep.prefab using Guid(cfad197eefcc72048a2c98f808813012) Importer(815301076,1909f56bfc062723c751e8b465ee728b)  -> (artifact id: '697120ab19944fc9ebf6d291e76d5a30') in 0.063390 seconds
  Import took 0.067300 seconds .

========================================================================
Received Import Request.
  Time since last request: 0.081824 seconds.
  path: Assets/Prefabs/Sheep.prefab
  artifactKey: Guid(cfad197eefcc72048a2c98f808813012) Importer(815301076,1909f56bfc062723c751e8b465ee728b)
Start importing Assets/Prefabs/Sheep.prefab using Guid(cfad197eefcc72048a2c98f808813012) Importer(815301076,1909f56bfc062723c751e8b465ee728b)  -> (artifact id: '697120ab19944fc9ebf6d291e76d5a30') in 0.018157 seconds
  Import took 0.021008 seconds .

========================================================================
Received Prepare
Registering precompiled user dll's ...
Registered in 0.000962 seconds.
Begin MonoManager ReloadAssembly
Native extension for WindowsStandalone target not found
Refreshing native plugins compatible for Editor in 0.33 ms, found 1 plugins.
Preloading 0 native plugins for Editor in 0.00 ms.
Invoked RoslynAnalysisRunner static constructor.
RoslynAnalysisRunner will not be running.
RoslynAnalysisRunner has terminated.
Mono: successfully reloaded assembly
- Completed reload, in  0.885 seconds
Platform modules already initialized, skipping
Refreshing native plugins compatible for Editor in 0.31 ms, found 1 plugins.
Preloading 0 native plugins for Editor in 0.00 ms.
Unloading 1804 Unused Serialized files (Serialized files now loaded: 0)
System memory in use before: 87.9 MB.
System memory in use after: 87.9 MB.

Unloading 12 unused Assets to reduce memory usage. Loaded Objects now: 2286.
Total: 5.079600 ms (FindLiveObjects: 0.425600 ms CreateObjectMapping: 0.191200 ms MarkObjects: 4.207400 ms  DeleteObjects: 0.252900 ms)

AssetImportWorkerClient::OnTransportError - code=2 error=End of file
